app/build/intermediates/manifest_merge_blame_file/debug/manifest-merger-blame-debug-report.txt
1<?xml version="1.0" encoding="utf-8"?>
2<manifest xmlns:android="http://schemas.android.com/apk/res/android"
3    package="com.MedAmbulance"
4    android:versionCode="1"
5    android:versionName="1.0" >
6
7    <uses-sdk
8        android:minSdkVersion="23"
8-->src\main\AndroidManifest.xml
9        android:targetSdkVersion="29" />
9-->src\main\AndroidManifest.xml
10    <!--
11         The ACCESS_COARSE/FINE_LOCATION permissions are not required to use
12         Google Maps Android API v2, but you must specify either coarse or fine
13         location permissions for the 'MyLocation' functionality.
14    -->
15    <uses-permission android:name="android.permission.ACCESS_FINE_LOCATION" />
15-->src\main\AndroidManifest.xml:9:5-79
15-->src\main\AndroidManifest.xml:9:22-76
16    <!--
17         The ACCESS_COARSE/FINE_LOCATION permissions are not required to use
18         Google Maps Android API v2, but you must specify either coarse or fine
19         location permissions for the 'MyLocation' functionality.
20    -->
21    <uses-permission android:name="android.permission.INTERNET" />
21-->src\main\AndroidManifest.xml:15:5-67
21-->src\main\AndroidManifest.xml:15:22-64
22    <uses-permission android:name="android.permission.WAKE_LOCK" />
22-->src\main\AndroidManifest.xml:16:5-68
22-->src\main\AndroidManifest.xml:16:22-65
23    <uses-permission android:name="android.permission.ACCESS_COARSE_LOCATION" />
23-->src\main\AndroidManifest.xml:17:5-81
23-->src\main\AndroidManifest.xml:17:22-78
24    <uses-permission android:name="android.permission.ACCESS_NETWORK_STATE" />
24-->src\main\AndroidManifest.xml:18:5-79
24-->src\main\AndroidManifest.xml:18:22-76
25    <uses-permission android:name="android.permission.CALL_PHONE" />
25-->src\main\AndroidManifest.xml:19:5-69
25-->src\main\AndroidManifest.xml:19:22-66
26    <uses-permission android:name="android.permission.READ_PHONE_STATE" />
26-->src\main\AndroidManifest.xml:20:5-75
26-->src\main\AndroidManifest.xml:20:22-72
27    <uses-permission android:name="android.permission.CAMERA" />
27-->[com.fxn769:pix:1.4.4] AndroidManifest.xml:11:5-65
27-->[com.fxn769:pix:1.4.4] AndroidManifest.xml:11:22-62
28    <uses-permission android:name="android.permission.READ_EXTERNAL_STORAGE" />
28-->[com.fxn769:pix:1.4.4] AndroidManifest.xml:12:5-80
28-->[com.fxn769:pix:1.4.4] AndroidManifest.xml:12:22-77
29    <uses-permission android:name="android.permission.VIBRATE" />
29-->[com.fxn769:pix:1.4.4] AndroidManifest.xml:13:5-66
29-->[com.fxn769:pix:1.4.4] AndroidManifest.xml:13:22-63
30    <uses-permission android:name="android.permission.WRITE_EXTERNAL_STORAGE" />
30-->[com.fxn769:pix:1.4.4] AndroidManifest.xml:14:5-81
30-->[com.fxn769:pix:1.4.4] AndroidManifest.xml:14:22-78
31    <uses-permission android:name="android.permission.ACCESS_WIFI_STATE" />
31-->[com.google.android.libraries.places:places:1.1.0] AndroidManifest.xml:10:5-76
31-->[com.google.android.libraries.places:places:1.1.0] AndroidManifest.xml:10:22-73
32
33    <uses-feature
33-->[com.google.android.gms:play-services-maps:17.0.0] AndroidManifest.xml:26:5-28:35
34        android:glEsVersion="0x00020000"
34-->[com.google.android.gms:play-services-maps:17.0.0] AndroidManifest.xml:27:9-41
35        android:required="true" />
35-->[com.google.android.gms:play-services-maps:17.0.0] AndroidManifest.xml:28:9-32
36
37    <application
37-->src\main\AndroidManifest.xml:22:5-129:19
38        android:allowBackup="true"
38-->src\main\AndroidManifest.xml:23:9-35
39        android:appComponentFactory="androidx.core.app.CoreComponentFactory"
39-->[androidx.core:core:1.3.0-beta01] AndroidManifest.xml:24:18-86
40        android:debuggable="true"
41        android:extractNativeLibs="false"
42        android:icon="@mipmap/ic_launcher"
42-->src\main\AndroidManifest.xml:24:9-43
43        android:label="@string/app_name"
43-->src\main\AndroidManifest.xml:25:9-41
44        android:largeHeap="true"
44-->[com.fxn769:pix:1.4.4] AndroidManifest.xml:17:9-33
45        android:networkSecurityConfig="@xml/network_security_config"
45-->src\main\AndroidManifest.xml:26:9-69
46        android:roundIcon="@mipmap/ic_launcher_round"
46-->src\main\AndroidManifest.xml:27:9-54
47        android:supportsRtl="true"
47-->src\main\AndroidManifest.xml:28:9-35
48        android:testOnly="true"
49        android:theme="@style/AppTheme" >
49-->src\main\AndroidManifest.xml:29:9-40
50        <activity android:name="com.MedAmbulance.Activity.End_Ride_Activity" />
50-->src\main\AndroidManifest.xml:30:9-73
50-->src\main\AndroidManifest.xml:30:19-61
51        <activity android:name="com.MedAmbulance.Activity.UserRideDetailsActivity" />
51-->src\main\AndroidManifest.xml:31:9-70
51-->src\main\AndroidManifest.xml:31:19-67
52        <activity android:name="com.MedAmbulance.Activity.DetailsActivity" />
52-->src\main\AndroidManifest.xml:32:9-62
52-->src\main\AndroidManifest.xml:32:19-59
53        <activity android:name="com.MedAmbulance.DriverPhoneLogin" />
53-->src\main\AndroidManifest.xml:33:9-54
53-->src\main\AndroidManifest.xml:33:19-51
54        <activity android:name="com.MedAmbulance.Activity.UserModuleActivity" />
54-->src\main\AndroidManifest.xml:34:9-65
54-->src\main\AndroidManifest.xml:34:19-62
55        <activity android:name="com.MedAmbulance.Activity.DestinationActivity" />
55-->src\main\AndroidManifest.xml:35:9-66
55-->src\main\AndroidManifest.xml:35:19-63
56        <activity android:name="com.MedAmbulance.Activity.AllRequestActivity" />
56-->src\main\AndroidManifest.xml:36:9-65
56-->src\main\AndroidManifest.xml:36:19-62
57        <!--
58             The API key for Google Maps-based APIs is defined as a string resource.
59             (See the file "res/values/google_maps_api.xml").
60             Note that the API key is linked to the encryption key used to sign the APK.
61             You need a different API key for each encryption key, including the release key that is used to
62             sign the APK for publishing.
63             You can define the keys for the debug and release targets in src/debug/ and src/release/.
64        -->
65        <meta-data
65-->src\main\AndroidManifest.xml:45:9-47:55
66            android:name="com.google.android.geo.API_KEY"
66-->src\main\AndroidManifest.xml:46:13-58
67            android:value="@string/google_maps_key" />
67-->src\main\AndroidManifest.xml:47:13-52
68
69        <activity
69-->src\main\AndroidManifest.xml:52:9-55:52
70            android:name="com.MedAmbulance.Activity.DriversMapsActivity"
70-->src\main\AndroidManifest.xml:53:13-57
71            android:label="@string/title_activity_drivers_maps"
71-->src\main\AndroidManifest.xml:54:13-64
72            android:screenOrientation="portrait" />
72-->src\main\AndroidManifest.xml:55:13-49
73        <activity android:name="com.MedAmbulance.Activity.DriverMapsActivity" />
73-->src\main\AndroidManifest.xml:56:9-65
73-->src\main\AndroidManifest.xml:56:19-62
74        <activity
74-->src\main\AndroidManifest.xml:57:9-59:52
75            android:name="com.MedAmbulance.Activity.MapsActivity"
75-->src\main\AndroidManifest.xml:58:13-50
76            android:screenOrientation="portrait" />
76-->src\main\AndroidManifest.xml:59:13-49
77        <activity android:name="com.MedAmbulance.Activity.TLTBaseActivity" />
77-->src\main\AndroidManifest.xml:60:9-62
77-->src\main\AndroidManifest.xml:60:19-59
78        <activity android:name="com.MedAmbulance.Activity.UserMapActivity" />
78-->src\main\AndroidManifest.xml:61:9-62
78-->src\main\AndroidManifest.xml:61:19-59
79        <activity android:name="com.MedAmbulance.Activity.TermsConditions" />
79-->src\main\AndroidManifest.xml:62:9-62
79-->src\main\AndroidManifest.xml:62:19-59
80        <activity android:name="com.MedAmbulance.Activity.UserPhoneLogin" />
80-->src\main\AndroidManifest.xml:63:9-61
80-->src\main\AndroidManifest.xml:63:19-58
81        <activity
81-->src\main\AndroidManifest.xml:64:9-66:52
82            android:name="com.MedAmbulance.Activity.ResponderMapsActivity"
82-->src\main\AndroidManifest.xml:65:13-59
83            android:screenOrientation="portrait" />
83-->src\main\AndroidManifest.xml:66:13-49
84        <activity android:name="com.MedAmbulance.Activity.MyNewUserActivity" />
84-->src\main\AndroidManifest.xml:67:9-64
84-->src\main\AndroidManifest.xml:67:19-61
85        <!--
86             The API key for Google Maps-based APIs is defined as a string resource.
87             (See the file "res/values/google_maps_api.xml").
88             Note that the API key is linked to the encryption key used to sign the APK.
89             You need a different API key for each encryption key, including the release key that is used to
90             sign the APK for publishing.
91             You can define the keys for the debug and release targets in src/debug/ and src/release/.
92        -->
93        <activity android:name="com.MedAmbulance.Activity.BookAmbulance" />
93-->src\main\AndroidManifest.xml:76:9-60
93-->src\main\AndroidManifest.xml:76:19-57
94        <activity
94-->src\main\AndroidManifest.xml:77:9-79:48
95            android:name="com.MedAmbulance.Activity.Track_Abulance_Activity"
95-->src\main\AndroidManifest.xml:78:13-61
96            android:theme="@style/googleMap" />
96-->src\main\AndroidManifest.xml:79:13-45
97        <activity
97-->src\main\AndroidManifest.xml:80:9-82:73
98            android:name="com.MedAmbulance.Activity.Current_Location_Activity"
98-->src\main\AndroidManifest.xml:81:13-63
99            android:label="@string/title_activity_current__location_" />
99-->src\main\AndroidManifest.xml:82:13-70
100        <activity
100-->src\main\AndroidManifest.xml:83:9-85:52
101            android:name="com.MedAmbulance.Activity.Countinue_As_Acrtivity"
101-->src\main\AndroidManifest.xml:84:13-60
102            android:screenOrientation="portrait" />
102-->src\main\AndroidManifest.xml:85:13-49
103        <activity
103-->src\main\AndroidManifest.xml:86:9-88:52
104            android:name="com.MedAmbulance.Activity.MyProfile"
104-->src\main\AndroidManifest.xml:87:13-47
105            android:screenOrientation="portrait" />
105-->src\main\AndroidManifest.xml:88:13-49
106        <activity
106-->src\main\AndroidManifest.xml:89:9-91:52
107            android:name="com.MedAmbulance.Activity.Ambulance_Registration_Activity"
107-->src\main\AndroidManifest.xml:90:13-69
108            android:screenOrientation="portrait" />
108-->src\main\AndroidManifest.xml:91:13-49
109        <activity
109-->src\main\AndroidManifest.xml:92:9-94:52
110            android:name="com.MedAmbulance.Activity.Driver_Personal_Activty"
110-->src\main\AndroidManifest.xml:93:13-61
111            android:screenOrientation="portrait" />
111-->src\main\AndroidManifest.xml:94:13-49
112        <activity
112-->src\main\AndroidManifest.xml:95:9-97:52
113            android:name="com.MedAmbulance.Activity.Driver_Licence_Activity"
113-->src\main\AndroidManifest.xml:96:13-61
114            android:screenOrientation="portrait" />
114-->src\main\AndroidManifest.xml:97:13-49
115        <activity
115-->src\main\AndroidManifest.xml:98:9-100:52
116            android:name="com.MedAmbulance.Activity.AboutActivity"
116-->src\main\AndroidManifest.xml:99:13-51
117            android:screenOrientation="portrait" />
117-->src\main\AndroidManifest.xml:100:13-49
118        <activity
118-->src\main\AndroidManifest.xml:98:9-100:52
119            android:name="com.MedAmbulance.Activity.AboutActivity"
119-->src\main\AndroidManifest.xml:99:13-51
120            android:screenOrientation="portrait" />
120-->src\main\AndroidManifest.xml:100:13-49
121        <activity
121-->src\main\AndroidManifest.xml:104:9-106:52
122            android:name="com.MedAmbulance.Activity.SupportActivity"
122-->src\main\AndroidManifest.xml:105:13-53
123            android:screenOrientation="portrait" />
123-->src\main\AndroidManifest.xml:106:13-49
124        <activity
124-->src\main\AndroidManifest.xml:107:9-109:52
125            android:name="com.MedAmbulance.Activity.Driver_Registration"
125-->src\main\AndroidManifest.xml:108:13-57
126            android:screenOrientation="portrait" />
126-->src\main\AndroidManifest.xml:109:13-49
127        <activity
127-->src\main\AndroidManifest.xml:110:9-112:52
128            android:name="com.MedAmbulance.Activity.Verification_Activity"
128-->src\main\AndroidManifest.xml:111:13-59
129            android:screenOrientation="portrait" />
129-->src\main\AndroidManifest.xml:112:13-49
130        <activity
130-->src\main\AndroidManifest.xml:113:9-115:52
131            android:name="com.MedAmbulance.Activity.Login"
131-->src\main\AndroidManifest.xml:114:13-43
132            android:screenOrientation="portrait" />
132-->src\main\AndroidManifest.xml:115:13-49
133        <activity
133-->src\main\AndroidManifest.xml:116:9-118:52
134            android:name="com.MedAmbulance.Activity.DriverMainActivity"
134-->src\main\AndroidManifest.xml:117:13-56
135            android:screenOrientation="portrait" />
135-->src\main\AndroidManifest.xml:118:13-49
136        <activity
136-->src\main\AndroidManifest.xml:119:9-127:20
137            android:name="com.MedAmbulance.Activity.SplaceActivity"
137-->src\main\AndroidManifest.xml:120:13-52
138            android:screenOrientation="portrait" >
138-->src\main\AndroidManifest.xml:121:13-49
139            <intent-filter>
139-->src\main\AndroidManifest.xml:122:13-126:29
140                <action android:name="android.intent.action.MAIN" />
140-->src\main\AndroidManifest.xml:123:17-69
140-->src\main\AndroidManifest.xml:123:25-66
141
142                <category android:name="android.intent.category.LAUNCHER" />
142-->src\main\AndroidManifest.xml:125:17-77
142-->src\main\AndroidManifest.xml:125:27-74
143            </intent-filter>
144        </activity>
145
146        <service android:name="org.eclipse.paho.android.service.MqttService" />
146-->src\main\AndroidManifest.xml:128:9-80
146-->src\main\AndroidManifest.xml:128:18-77
147
148        <activity
148-->[com.fxn769:pix:1.4.4] AndroidManifest.xml:19:9-22:52
149            android:name="com.fxn.pix.Pix"
149-->[com.fxn769:pix:1.4.4] AndroidManifest.xml:20:13-43
150            android:noHistory="true"
150-->[com.fxn769:pix:1.4.4] AndroidManifest.xml:21:13-37
151            android:screenOrientation="portrait" />
151-->[com.fxn769:pix:1.4.4] AndroidManifest.xml:22:13-49
152        <activity android:name="com.shivtechs.maplocationpicker.LocationPickerActivity" /> <!-- Autocomplete -->
152-->[com.github.shivpujan12:LocationPicker:v1.2] AndroidManifest.xml:17:9-91
152-->[com.github.shivpujan12:LocationPicker:v1.2] AndroidManifest.xml:17:19-88
153        <activity
153-->[com.google.android.libraries.places:places:1.1.0] AndroidManifest.xml:16:9-23:20
154            android:name="com.google.android.libraries.places.widget.AutocompleteActivity"
154-->[com.google.android.libraries.places:places:1.1.0] AndroidManifest.xml:17:13-91
155            android:exported="false"
155-->[com.google.android.libraries.places:places:1.1.0] AndroidManifest.xml:18:13-37
156            android:hardwareAccelerated="true"
156-->[com.google.android.libraries.places:places:1.1.0] AndroidManifest.xml:19:13-47
157            android:label="@string/places_autocomplete_label"
157-->[com.google.android.libraries.places:places:1.1.0] AndroidManifest.xml:20:13-62
158            android:theme="@style/PlacesAutocompleteThemeOverlay"
158-->[com.google.android.libraries.places:places:1.1.0] AndroidManifest.xml:21:13-66
159            android:windowSoftInputMode="stateAlwaysVisible|adjustPan" >
159-->[com.google.android.libraries.places:places:1.1.0] AndroidManifest.xml:22:13-71
160        </activity> <!-- Needs to be explicitly declared on P+ -->
161        <uses-library
161-->[com.google.android.gms:play-services-maps:17.0.0] AndroidManifest.xml:33:9-35:40
162            android:name="org.apache.http.legacy"
162-->[com.google.android.gms:play-services-maps:17.0.0] AndroidManifest.xml:34:13-50
163            android:required="false" />
163-->[com.google.android.gms:play-services-maps:17.0.0] AndroidManifest.xml:35:13-37
164
165        <activity
165-->[com.google.android.gms:play-services-base:17.0.0] AndroidManifest.xml:23:9-26:75
166            android:name="com.google.android.gms.common.api.GoogleApiActivity"
166-->[com.google.android.gms:play-services-base:17.0.0] AndroidManifest.xml:24:13-79
167            android:exported="false"
167-->[com.google.android.gms:play-services-base:17.0.0] AndroidManifest.xml:25:13-37
168            android:theme="@android:style/Theme.Translucent.NoTitleBar" />
168-->[com.google.android.gms:play-services-base:17.0.0] AndroidManifest.xml:26:13-72
169
170        <meta-data
170-->[com.google.android.gms:play-services-basement:17.0.0] AndroidManifest.xml:23:9-25:69
171            android:name="com.google.android.gms.version"
171-->[com.google.android.gms:play-services-basement:17.0.0] AndroidManifest.xml:24:13-58
172            android:value="@integer/google_play_services_version" />
172-->[com.google.android.gms:play-services-basement:17.0.0] AndroidManifest.xml:25:13-66
173
174        <provider
174-->[androidx.lifecycle:lifecycle-process:2.0.0] AndroidManifest.xml:23:9-27:43
175            android:name="androidx.lifecycle.ProcessLifecycleOwnerInitializer"
175-->[androidx.lifecycle:lifecycle-process:2.0.0] AndroidManifest.xml:24:13-79
176            android:authorities="com.MedAmbulance.lifecycle-process"
176-->[androidx.lifecycle:lifecycle-process:2.0.0] AndroidManifest.xml:25:13-69
177            android:exported="false"
177-->[androidx.lifecycle:lifecycle-process:2.0.0] AndroidManifest.xml:26:13-37
178            android:multiprocess="true" />
178-->[androidx.lifecycle:lifecycle-process:2.0.0] AndroidManifest.xml:27:13-40
179    </application>
180
181</manifest>